0 info it worked if it ends with ok
1 verbose cli [ '/Users/HaNdTriX/.nvm/v0.10.32/bin/node',
1 verbose cli   '/Users/HaNdTriX/.nvm/v0.10.32/bin/npm',
1 verbose cli   'run',
1 verbose cli   'test' ]
2 info using npm@1.4.28
3 info using node@v0.10.32
4 verbose run-script [ 'pretest', 'test', 'posttest' ]
5 info pretest generator-chrome-extension-kickstart@1.0.0
6 info test generator-chrome-extension-kickstart@1.0.0
7 verbose unsafe-perm in lifecycle true
8 info generator-chrome-extension-kickstart@1.0.0 Failed to exec test script
9 error generator-chrome-extension-kickstart@1.0.0 test: `mocha`
9 error Exit status 3
10 error Failed at the generator-chrome-extension-kickstart@1.0.0 test script.
10 error This is most likely a problem with the generator-chrome-extension-kickstart package,
10 error not with npm itself.
10 error Tell the author that this fails on your system:
10 error     mocha
10 error You can get their info via:
10 error     npm owner ls generator-chrome-extension-kickstart
10 error There is likely additional logging output above.
11 error System Darwin 14.5.0
12 error command "/Users/HaNdTriX/.nvm/v0.10.32/bin/node" "/Users/HaNdTriX/.nvm/v0.10.32/bin/npm" "run" "test"
13 error cwd /Users/HaNdTriX/Development/Extensions/generator-chrome-extension-kickstart
14 error node -v v0.10.32
15 error npm -v 1.4.28
16 error code ELIFECYCLE
17 verbose exit [ 1, true ]
